{"/Users/user/Dev/jest-examplar-demo/app/dispatcher.js": {"path":"/Users/user/Dev/jest-examplar-demo/app/dispatcher.js","statementMap":{"0":{"start":{"line":1,"column":17},"end":{"line":1,"column":43}},"1":{"start":{"line":2,"column":15},"end":{"line":2,"column":31}},"2":{"start":{"line":4,"column":0},"end":{"line":4,"column":26}}},"fnMap":{},"branchMap":{},"s":{"0":1,"1":1,"2":1},"f":{},"b":{},"_coverageSchema":"1a1c01bbd47fc00a2c39e90264f33305004495a9","hash":"649e5f7af4119e4b156643b0b996552c85649989"}
,"/Users/user/Dev/jest-examplar-demo/app/components/CartItem.js": {"path":"/Users/user/Dev/jest-examplar-demo/app/components/CartItem.js","statementMap":{"0":{"start":{"line":2,"column":12},"end":{"line":2,"column":28}},"1":{"start":{"line":3,"column":23},"end":{"line":3,"column":66}},"2":{"start":{"line":4,"column":18},"end":{"line":4,"column":56}},"3":{"start":{"line":6,"column":0},"end":{"line":45,"column":2}},"4":{"start":{"line":8,"column":6},"end":{"line":16,"column":8}},"5":{"start":{"line":19,"column":6},"end":{"line":19,"column":77}},"6":{"start":{"line":22,"column":18},"end":{"line":22,"column":102}},"7":{"start":{"line":23,"column":27},"end":{"line":23,"column":67}},"8":{"start":{"line":24,"column":6},"end":{"line":24,"column":28}},"9":{"start":{"line":27,"column":2},"end":{"line":27,"column":21}},"10":{"start":{"line":28,"column":2},"end":{"line":28,"column":42}},"11":{"start":{"line":31,"column":8},"end":{"line":43,"column":9}}},"fnMap":{"0":{"name":"(anonymous_0)","decl":{"start":{"line":7,"column":21},"end":{"line":7,"column":22}},"loc":{"start":{"line":7,"column":32},"end":{"line":17,"column":5}},"line":7},"1":{"name":"(anonymous_1)","decl":{"start":{"line":18,"column":4},"end":{"line":18,"column":5}},"loc":{"start":{"line":18,"column":32},"end":{"line":20,"column":5}},"line":18},"2":{"name":"(anonymous_2)","decl":{"start":{"line":21,"column":4},"end":{"line":21,"column":5}},"loc":{"start":{"line":21,"column":29},"end":{"line":25,"column":5}},"line":21},"3":{"name":"(anonymous_3)","decl":{"start":{"line":26,"column":1},"end":{"line":26,"column":2}},"loc":{"start":{"line":26,"column":14},"end":{"line":29,"column":2}},"line":26},"4":{"name":"(anonymous_4)","decl":{"start":{"line":30,"column":4},"end":{"line":30,"column":5}},"loc":{"start":{"line":30,"column":12},"end":{"line":44,"column":5}},"line":30}},"branchMap":{},"s":{"0":1,"1":1,"2":1,"3":1,"4":1,"5":1,"6":1,"7":1,"8":1,"9":0,"10":0,"11":1},"f":{"0":1,"1":1,"2":1,"3":0,"4":1},"b":{},"_coverageSchema":"1a1c01bbd47fc00a2c39e90264f33305004495a9","hash":"64d8674698df94c57482ec2d251136632711e74a"}
,"/Users/user/Dev/jest-examplar-demo/app/helpers/conversionHelper.js": {"path":"/Users/user/Dev/jest-examplar-demo/app/helpers/conversionHelper.js","statementMap":{"0":{"start":{"line":1,"column":14},"end":{"line":5,"column":1}},"1":{"start":{"line":7,"column":12},"end":{"line":11,"column":1}},"2":{"start":{"line":13,"column":0},"end":{"line":26,"column":1}},"3":{"start":{"line":15,"column":2},"end":{"line":15,"column":102}},"4":{"start":{"line":18,"column":2},"end":{"line":18,"column":34}},"5":{"start":{"line":21,"column":2},"end":{"line":21,"column":25}},"6":{"start":{"line":24,"column":2},"end":{"line":24,"column":27}}},"fnMap":{"0":{"name":"(anonymous_0)","decl":{"start":{"line":14,"column":1},"end":{"line":14,"column":2}},"loc":{"start":{"line":14,"column":44},"end":{"line":16,"column":2}},"line":14},"1":{"name":"(anonymous_1)","decl":{"start":{"line":17,"column":1},"end":{"line":17,"column":2}},"loc":{"start":{"line":17,"column":30},"end":{"line":19,"column":2}},"line":17},"2":{"name":"(anonymous_2)","decl":{"start":{"line":20,"column":1},"end":{"line":20,"column":2}},"loc":{"start":{"line":20,"column":28},"end":{"line":22,"column":2}},"line":20},"3":{"name":"(anonymous_3)","decl":{"start":{"line":23,"column":1},"end":{"line":23,"column":2}},"loc":{"start":{"line":23,"column":25},"end":{"line":25,"column":2}},"line":23}},"branchMap":{"0":{"loc":{"start":{"line":14,"column":31},"end":{"line":14,"column":43}},"type":"default-arg","locations":[{"start":{"line":14,"column":38},"end":{"line":14,"column":43}}],"line":14}},"s":{"0":1,"1":1,"2":1,"3":0,"4":1,"5":1,"6":1},"f":{"0":0,"1":1,"2":1,"3":1},"b":{"0":[0]},"_coverageSchema":"1a1c01bbd47fc00a2c39e90264f33305004495a9","hash":"cbb2f7b6bddd040d3891585b6c19d40c907b15fd"}
,"/Users/user/Dev/jest-examplar-demo/app/helpers/itemsHelper.js": {"path":"/Users/user/Dev/jest-examplar-demo/app/helpers/itemsHelper.js","statementMap":{"0":{"start":{"line":1,"column":17},"end":{"line":1,"column":46}},"1":{"start":{"line":2,"column":17},"end":{"line":2,"column":54}},"2":{"start":{"line":4,"column":0},"end":{"line":12,"column":1}},"3":{"start":{"line":6,"column":2},"end":{"line":9,"column":5}},"4":{"start":{"line":10,"column":2},"end":{"line":10,"column":37}}},"fnMap":{"0":{"name":"(anonymous_0)","decl":{"start":{"line":5,"column":1},"end":{"line":5,"column":2}},"loc":{"start":{"line":5,"column":17},"end":{"line":11,"column":2}},"line":5}},"branchMap":{},"s":{"0":1,"1":1,"2":1,"3":0,"4":0},"f":{"0":0},"b":{},"_coverageSchema":"1a1c01bbd47fc00a2c39e90264f33305004495a9","hash":"e54908ccdf5d17372d57236c454298695d7d5080"}
,"/Users/user/Dev/jest-examplar-demo/app/helpers/restHelper.js": {"path":"/Users/user/Dev/jest-examplar-demo/app/helpers/restHelper.js","statementMap":{"0":{"start":{"line":3,"column":8},"end":{"line":3,"column":25}},"1":{"start":{"line":5,"column":0},"end":{"line":27,"column":1}},"2":{"start":{"line":7,"column":2},"end":{"line":15,"column":5}},"3":{"start":{"line":8,"column":3},"end":{"line":14,"column":6}},"4":{"start":{"line":18,"column":2},"end":{"line":25,"column":4}},"5":{"start":{"line":19,"column":3},"end":{"line":24,"column":5}}},"fnMap":{"0":{"name":"(anonymous_0)","decl":{"start":{"line":6,"column":1},"end":{"line":6,"column":2}},"loc":{"start":{"line":6,"column":9},"end":{"line":16,"column":2}},"line":6},"1":{"name":"(anonymous_1)","decl":{"start":{"line":7,"column":21},"end":{"line":7,"column":22}},"loc":{"start":{"line":7,"column":44},"end":{"line":15,"column":3}},"line":7},"2":{"name":"(anonymous_2)","decl":{"start":{"line":17,"column":1},"end":{"line":17,"column":2}},"loc":{"start":{"line":17,"column":9},"end":{"line":26,"column":2}},"line":17},"3":{"name":"(anonymous_3)","decl":{"start":{"line":18,"column":21},"end":{"line":18,"column":22}},"loc":{"start":{"line":18,"column":44},"end":{"line":25,"column":3}},"line":18}},"branchMap":{},"s":{"0":1,"1":1,"2":0,"3":0,"4":0,"5":0},"f":{"0":0,"1":0,"2":0,"3":0},"b":{},"_coverageSchema":"1a1c01bbd47fc00a2c39e90264f33305004495a9","hash":"8ffffa986cdf0806c98409aa4edeacafd0470b37"}
}
