TN:
SF:app/dispatcher.js
FNF:0
FNH:0
DA:1,1
DA:2,1
DA:4,1
LF:3
LH:3
BRF:0
BRH:0
end_of_record
TN:
SF:app/components/CartItem.js
FN:7,(anonymous_0)
FN:18,(anonymous_1)
FN:21,(anonymous_2)
FN:26,(anonymous_3)
FN:30,(anonymous_4)
FNF:5
FNH:4
FNDA:1,(anonymous_0)
FNDA:1,(anonymous_1)
FNDA:1,(anonymous_2)
FNDA:0,(anonymous_3)
FNDA:1,(anonymous_4)
DA:2,1
DA:3,1
DA:4,1
DA:6,1
DA:8,1
DA:19,1
DA:22,1
DA:23,1
DA:24,1
DA:27,0
DA:28,0
DA:31,1
LF:12
LH:10
BRF:0
BRH:0
end_of_record
TN:
SF:app/helpers/conversionHelper.js
FN:14,(anonymous_0)
FN:17,(anonymous_1)
FN:20,(anonymous_2)
FN:23,(anonymous_3)
FNF:4
FNH:3
FNDA:0,(anonymous_0)
FNDA:1,(anonymous_1)
FNDA:1,(anonymous_2)
FNDA:1,(anonymous_3)
DA:1,1
DA:7,1
DA:13,1
DA:15,0
DA:18,1
DA:21,1
DA:24,1
LF:7
LH:6
BRDA:14,0,0,0
BRF:1
BRH:0
end_of_record
TN:
SF:app/helpers/itemsHelper.js
FN:5,(anonymous_0)
FNF:1
FNH:0
FNDA:0,(anonymous_0)
DA:1,1
DA:2,1
DA:4,1
DA:6,0
DA:10,0
LF:5
LH:3
BRF:0
BRH:0
end_of_record
TN:
SF:app/helpers/restHelper.js
FN:6,(anonymous_0)
FN:7,(anonymous_1)
FN:17,(anonymous_2)
FN:18,(anonymous_3)
FNF:4
FNH:0
FNDA:0,(anonymous_0)
FNDA:0,(anonymous_1)
FNDA:0,(anonymous_2)
FNDA:0,(anonymous_3)
DA:3,1
DA:5,1
DA:7,0
DA:8,0
DA:18,0
DA:19,0
LF:6
LH:2
BRF:0
BRH:0
end_of_record
